[debug] [2026-03-14T08:55:17.393Z] ----------------------------------------------------------------------
[debug] [2026-03-14T08:55:17.395Z] Command:       /usr/local/nvm/versions/node/v24.14.0/bin/node /usr/local/node_packages/node_modules/.bin/firebase init hosting
[debug] [2026-03-14T08:55:17.396Z] CLI Version:   14.26.0
[debug] [2026-03-14T08:55:17.396Z] Platform:      linux
[debug] [2026-03-14T08:55:17.396Z] Node Version:  v24.14.0
[debug] [2026-03-14T08:55:17.397Z] Time:          Sat Mar 14 2026 08:55:17 GMT+0000 (Coordinated Universal Time)
[debug] [2026-03-14T08:55:17.397Z] ----------------------------------------------------------------------
[debug] 
[info] 
     ######## #### ########  ######## ########     ###     ######  ########
     ##        ##  ##     ## ##       ##     ##  ##   ##  ##       ##
     ######    ##  ########  ######   ########  #########  ######  ######
     ##        ##  ##    ##  ##       ##     ## ##     ##       ## ##
     ##       #### ##     ## ######## ########  ##     ##  ######  ########

You're about to initialize a Firebase project in this directory:

  /home/pankhi0066/pitchforge/frontend

[info] 
=== Project Setup
[info] 
[info] First, let's associate this project directory with a Firebase project.
[info] You can create multiple project aliases by running firebase use --add, 
[info] 
[debug] [2026-03-14T08:56:32.723Z] > command requires scopes: ["email","openid","https://www.googleapis.com/auth/cloudplatformprojects.readonly","https://www.googleapis.com/auth/firebase","https://www.googleapis.com/auth/cloud-platform"]
[debug] [2026-03-14T08:56:32.724Z] > authorizing via signed-in user (pankhi0066@gmail.com)
[debug] [2026-03-14T08:56:32.726Z] Checked if tokens are valid: false, expires at: 1773420134564
[debug] [2026-03-14T08:56:32.726Z] Checked if tokens are valid: false, expires at: 1773420134564
[debug] [2026-03-14T08:56:32.726Z] > refreshing access token with scopes: []
[debug] [2026-03-14T08:56:32.729Z] >>> [apiv2][query] POST https://www.googleapis.com/oauth2/v3/token [none]
[debug] [2026-03-14T08:56:32.729Z] >>> [apiv2][body] POST https://www.googleapis.com/oauth2/v3/token [omitted]
[debug] [2026-03-14T08:56:32.796Z] <<< [apiv2][status] POST https://www.googleapis.com/oauth2/v3/token 200
[debug] [2026-03-14T08:56:32.796Z] <<< [apiv2][body] POST https://www.googleapis.com/oauth2/v3/token [omitted]
[debug] [2026-03-14T08:56:32.809Z] >>> [apiv2][query] GET https://firebase.googleapis.com/v1beta1/availableProjects pageSize=100
[debug] [2026-03-14T08:56:33.591Z] <<< [apiv2][status] GET https://firebase.googleapis.com/v1beta1/availableProjects 200
[debug] [2026-03-14T08:56:33.591Z] <<< [apiv2][body] GET https://firebase.googleapis.com/v1beta1/availableProjects [omitted]
[debug] [2026-03-14T09:00:41.237Z] ExitPromptError: User force closed the prompt with SIGINT
    at Interface.sigint (/usr/local/node_packages/node_modules/@inquirer/select/node_modules/@inquirer/core/dist/commonjs/lib/create-prompt.js:101:37)
    at Interface.emit (node:events:508:28)
    at Interface.emit (node:domain:489:12)
    at [_ttyWrite] [as _ttyWrite] (node:internal/readline/interface:1327:18)
    at ReadStream.onkeypress (node:internal/readline/interface:284:20)
    at ReadStream.emit (node:events:520:35)
    at ReadStream.emit (node:domain:489:12)
    at emitKeys (node:internal/readline/utils:371:14)
    at emitKeys.next (<anonymous>)
    at ReadStream.onData (node:internal/readline/emitKeypressEvents:64:36)
[error] 
[error] Error: An unexpected error has occurred.
